2025-12-06 15:44:43,378 INFO o.a.j.u.JMeterUtils: Setting Locale to en_EN
2025-12-06 15:44:43,399 INFO o.a.j.JMeter: Loading user properties from: C:\Users\volod\Downloads\apache-jmeter-5.6.3\bin\user.properties
2025-12-06 15:44:43,400 INFO o.a.j.JMeter: Loading system properties from: C:\Users\volod\Downloads\apache-jmeter-5.6.3\bin\system.properties
2025-12-06 15:44:43,401 INFO o.a.j.JMeter: Setting JMeter property: duration=1800
2025-12-06 15:44:43,401 INFO o.a.j.JMeter: Setting JMeter property: user_count=10
2025-12-06 15:44:43,405 INFO o.a.j.JMeter: Copyright (c) 1998-2024 The Apache Software Foundation
2025-12-06 15:44:43,406 INFO o.a.j.JMeter: Version 5.6.3
2025-12-06 15:44:43,406 INFO o.a.j.JMeter: java.version=23.0.2
2025-12-06 15:44:43,406 INFO o.a.j.JMeter: java.vm.name=Java HotSpot(TM) 64-Bit Server VM
2025-12-06 15:44:43,406 INFO o.a.j.JMeter: os.name=Windows 11
2025-12-06 15:44:43,406 INFO o.a.j.JMeter: os.arch=amd64
2025-12-06 15:44:43,406 INFO o.a.j.JMeter: os.version=10.0
2025-12-06 15:44:43,406 INFO o.a.j.JMeter: file.encoding=UTF-8
2025-12-06 15:44:43,406 INFO o.a.j.JMeter: java.awt.headless=true
2025-12-06 15:44:43,406 INFO o.a.j.JMeter: Max memory     =1073741824
2025-12-06 15:44:43,406 INFO o.a.j.JMeter: Available Processors =16
2025-12-06 15:44:43,417 INFO o.a.j.JMeter: Default Locale=English (EN)
2025-12-06 15:44:43,418 INFO o.a.j.JMeter: JMeter  Locale=English (EN)
2025-12-06 15:44:43,418 INFO o.a.j.JMeter: JMeterHome=C:\Users\volod\Downloads\apache-jmeter-5.6.3
2025-12-06 15:44:43,418 INFO o.a.j.JMeter: user.dir  =C:\Users\volod\ITStepAT\Exam\performance
2025-12-06 15:44:43,418 INFO o.a.j.JMeter: PWD       =C:\Users\volod\ITStepAT\Exam\performance
2025-12-06 15:44:43,419 INFO o.a.j.JMeter: IP: 192.168.68.109 Name: XaVeTgg FullName: XaVeTgg
2025-12-06 15:44:43,438 INFO o.a.j.s.FileServer: Default base='C:\Users\volod\ITStepAT\Exam\performance'
2025-12-06 15:44:43,439 INFO o.a.j.s.FileServer: Set new base='C:\Users\volod\ITStepAT\Exam\performance'
2025-12-06 15:44:43,633 INFO o.a.j.s.SaveService: Testplan (JMX) version: 2.2. Testlog (JTL) version: 2.2
2025-12-06 15:44:43,661 INFO o.a.j.s.SaveService: Using SaveService properties version 5.0
2025-12-06 15:44:43,665 INFO o.a.j.s.SaveService: Using SaveService properties file encoding UTF-8
2025-12-06 15:44:43,668 INFO o.a.j.s.SaveService: Loading file: load_savora.jmx
2025-12-06 15:44:43,719 INFO o.a.j.p.h.s.HTTPSamplerBase: Parser for text/html is org.apache.jmeter.protocol.http.parser.LagartoBasedHtmlParser
2025-12-06 15:44:43,720 INFO o.a.j.p.h.s.HTTPSamplerBase: Parser for application/xhtml+xml is org.apache.jmeter.protocol.http.parser.LagartoBasedHtmlParser
2025-12-06 15:44:43,720 INFO o.a.j.p.h.s.HTTPSamplerBase: Parser for application/xml is org.apache.jmeter.protocol.http.parser.LagartoBasedHtmlParser
2025-12-06 15:44:43,720 INFO o.a.j.p.h.s.HTTPSamplerBase: Parser for text/xml is org.apache.jmeter.protocol.http.parser.LagartoBasedHtmlParser
2025-12-06 15:44:43,720 INFO o.a.j.p.h.s.HTTPSamplerBase: Parser for text/vnd.wap.wml is org.apache.jmeter.protocol.http.parser.RegexpHTMLParser
2025-12-06 15:44:43,720 INFO o.a.j.p.h.s.HTTPSamplerBase: Parser for text/css is org.apache.jmeter.protocol.http.parser.CssParser
2025-12-06 15:44:43,757 INFO o.a.j.p.h.c.CookieManager: Settings: Delete null: true Check: true Allow variable: true Save: false Prefix: COOKIE_
2025-12-06 15:44:43,794 INFO o.a.j.JMeter: Creating summariser <summary>
2025-12-06 15:44:43,811 INFO o.a.j.e.StandardJMeterEngine: Running the test!
2025-12-06 15:44:43,812 INFO o.a.j.s.SampleEvent: List of sample_variables: []
2025-12-06 15:44:43,812 INFO o.a.j.s.SampleEvent: List of sample_variables: []
2025-12-06 15:44:43,818 INFO o.a.j.e.u.CompoundVariable: Note: Function class names must contain the string: '.functions.'
2025-12-06 15:44:43,818 INFO o.a.j.e.u.CompoundVariable: Note: Function class names must not contain the string: '.gui.'
2025-12-06 15:44:43,934 INFO o.a.j.JMeter: Running test (1765028683934)
2025-12-06 15:44:43,946 INFO o.a.j.e.StandardJMeterEngine: Starting ThreadGroup: 1 : Login Group
2025-12-06 15:44:43,947 INFO o.a.j.e.StandardJMeterEngine: Starting 10 threads for group Login Group.
2025-12-06 15:44:43,947 INFO o.a.j.e.StandardJMeterEngine: Thread will continue on error
2025-12-06 15:44:43,947 INFO o.a.j.t.ThreadGroup: Starting thread group... number=1 threads=10 ramp-up=1 delayedStart=false
2025-12-06 15:44:43,955 INFO o.a.j.t.JMeterThread: Thread started: Login Group 1-1
2025-12-06 15:44:43,955 INFO o.a.j.t.ThreadGroup: Started thread group number 1
2025-12-06 15:44:43,955 INFO o.a.j.e.StandardJMeterEngine: Starting ThreadGroup: 2 : Create Post Group
2025-12-06 15:44:43,955 INFO o.a.j.e.StandardJMeterEngine: Starting 10 threads for group Create Post Group.
2025-12-06 15:44:43,955 INFO o.a.j.e.StandardJMeterEngine: Thread will continue on error
2025-12-06 15:44:43,955 INFO o.a.j.t.ThreadGroup: Starting thread group... number=2 threads=10 ramp-up=1 delayedStart=false
2025-12-06 15:44:43,956 INFO o.a.j.t.JMeterThread: Thread started: Create Post Group 2-1
2025-12-06 15:44:43,961 INFO o.a.j.t.ThreadGroup: Started thread group number 2
2025-12-06 15:44:43,961 INFO o.a.j.e.StandardJMeterEngine: Starting ThreadGroup: 3 : Like and Save Post Group
2025-12-06 15:44:43,961 INFO o.a.j.e.StandardJMeterEngine: Starting 10 threads for group Like and Save Post Group.
2025-12-06 15:44:43,961 INFO o.a.j.e.StandardJMeterEngine: Thread will continue on error
2025-12-06 15:44:43,961 INFO o.a.j.t.ThreadGroup: Starting thread group... number=3 threads=10 ramp-up=1 delayedStart=false
2025-12-06 15:44:43,962 INFO o.a.j.t.JMeterThread: Thread started: Like and Save Post Group 3-1
2025-12-06 15:44:43,966 INFO o.a.j.t.ThreadGroup: Started thread group number 3
2025-12-06 15:44:43,966 INFO o.a.j.e.StandardJMeterEngine: Starting ThreadGroup: 4 : Delete Post Group
2025-12-06 15:44:43,966 INFO o.a.j.e.StandardJMeterEngine: Starting 10 threads for group Delete Post Group.
2025-12-06 15:44:43,966 INFO o.a.j.e.StandardJMeterEngine: Thread will continue on error
2025-12-06 15:44:43,966 INFO o.a.j.t.ThreadGroup: Starting thread group... number=4 threads=10 ramp-up=1 delayedStart=false
2025-12-06 15:44:43,967 INFO o.a.j.t.JMeterThread: Thread started: Delete Post Group 4-1
2025-12-06 15:44:43,970 INFO o.a.j.t.ThreadGroup: Started thread group number 4
2025-12-06 15:44:43,971 INFO o.a.j.e.StandardJMeterEngine: Starting ThreadGroup: 5 : Settings Group
2025-12-06 15:44:43,971 INFO o.a.j.e.StandardJMeterEngine: Starting 10 threads for group Settings Group.
2025-12-06 15:44:43,971 INFO o.a.j.e.StandardJMeterEngine: Thread will continue on error
2025-12-06 15:44:43,971 INFO o.a.j.t.ThreadGroup: Starting thread group... number=5 threads=10 ramp-up=1 delayedStart=false
2025-12-06 15:44:43,972 INFO o.a.j.t.JMeterThread: Thread started: Settings Group 5-1
2025-12-06 15:44:43,977 INFO o.a.j.t.ThreadGroup: Started thread group number 5
2025-12-06 15:44:43,977 INFO o.a.j.e.StandardJMeterEngine: All thread groups have been started
2025-12-06 15:44:43,990 INFO o.a.j.p.h.s.HTTPHCAbstractImpl: Local host = XaVeTgg
2025-12-06 15:44:43,998 INFO o.a.j.p.h.s.HTTPHC4Impl: HTTP request retry count = 0
2025-12-06 15:44:44,000 INFO o.a.j.s.SampleResult: Note: Sample TimeStamps are START times
2025-12-06 15:44:44,000 INFO o.a.j.s.SampleResult: sampleresult.default.encoding is set to UTF-8
2025-12-06 15:44:44,000 INFO o.a.j.s.SampleResult: sampleresult.useNanoTime=true
2025-12-06 15:44:44,000 INFO o.a.j.s.SampleResult: sampleresult.nanoThreadSleep=5000
2025-12-06 15:44:44,052 INFO o.a.j.t.JMeterThread: Thread started: Login Group 1-2
2025-12-06 15:44:44,056 INFO o.a.j.t.JMeterThread: Thread started: Create Post Group 2-2
2025-12-06 15:44:44,062 INFO o.a.j.t.JMeterThread: Thread started: Like and Save Post Group 3-2
2025-12-06 15:44:44,069 INFO o.a.j.t.JMeterThread: Thread started: Delete Post Group 4-2
2025-12-06 15:44:44,073 INFO o.a.j.t.JMeterThread: Thread started: Settings Group 5-2
2025-12-06 15:44:44,152 INFO o.a.j.t.JMeterThread: Thread started: Login Group 1-3
2025-12-06 15:44:44,158 INFO o.a.j.t.JMeterThread: Thread started: Create Post Group 2-3
2025-12-06 15:44:44,163 INFO o.a.j.t.JMeterThread: Thread started: Like and Save Post Group 3-3
2025-12-06 15:44:44,168 INFO o.a.j.t.JMeterThread: Thread started: Delete Post Group 4-3
2025-12-06 15:44:44,173 INFO o.a.j.t.JMeterThread: Thread started: Settings Group 5-3
2025-12-06 15:44:44,253 INFO o.a.j.t.JMeterThread: Thread started: Login Group 1-4
2025-12-06 15:44:44,256 INFO o.a.j.t.JMeterThread: Thread started: Create Post Group 2-4
2025-12-06 15:44:44,264 INFO o.a.j.t.JMeterThread: Thread started: Like and Save Post Group 3-4
2025-12-06 15:44:44,268 INFO o.a.j.t.JMeterThread: Thread started: Delete Post Group 4-4
2025-12-06 15:44:44,275 INFO o.a.j.t.JMeterThread: Thread started: Settings Group 5-4
2025-12-06 15:44:44,353 INFO o.a.j.t.JMeterThread: Thread started: Login Group 1-5
2025-12-06 15:44:44,357 INFO o.a.j.t.JMeterThread: Thread started: Create Post Group 2-5
2025-12-06 15:44:44,364 INFO o.a.j.t.JMeterThread: Thread started: Like and Save Post Group 3-5
2025-12-06 15:44:44,369 INFO o.a.j.t.JMeterThread: Thread started: Delete Post Group 4-5
2025-12-06 15:44:44,373 INFO o.a.j.t.JMeterThread: Thread started: Settings Group 5-5
2025-12-06 15:44:44,452 INFO o.a.j.t.JMeterThread: Thread started: Login Group 1-6
2025-12-06 15:44:44,458 INFO o.a.j.t.JMeterThread: Thread started: Create Post Group 2-6
2025-12-06 15:44:44,464 INFO o.a.j.t.JMeterThread: Thread started: Like and Save Post Group 3-6
2025-12-06 15:44:44,468 INFO o.a.j.t.JMeterThread: Thread started: Delete Post Group 4-6
2025-12-06 15:44:44,473 INFO o.a.j.t.JMeterThread: Thread started: Settings Group 5-6
2025-12-06 15:44:44,553 INFO o.a.j.t.JMeterThread: Thread started: Login Group 1-7
2025-12-06 15:44:44,558 INFO o.a.j.t.JMeterThread: Thread started: Create Post Group 2-7
2025-12-06 15:44:44,563 INFO o.a.j.t.JMeterThread: Thread started: Like and Save Post Group 3-7
2025-12-06 15:44:44,569 INFO o.a.j.t.JMeterThread: Thread started: Delete Post Group 4-7
2025-12-06 15:44:44,573 INFO o.a.j.t.JMeterThread: Thread started: Settings Group 5-7
2025-12-06 15:44:44,651 INFO o.a.j.t.JMeterThread: Thread started: Login Group 1-8
2025-12-06 15:44:44,657 INFO o.a.j.t.JMeterThread: Thread started: Create Post Group 2-8
2025-12-06 15:44:44,664 INFO o.a.j.t.JMeterThread: Thread started: Like and Save Post Group 3-8
2025-12-06 15:44:44,668 INFO o.a.j.t.JMeterThread: Thread started: Delete Post Group 4-8
2025-12-06 15:44:44,672 INFO o.a.j.t.JMeterThread: Thread started: Settings Group 5-8
2025-12-06 15:44:44,750 INFO o.a.j.t.JMeterThread: Thread started: Login Group 1-9
2025-12-06 15:44:44,757 INFO o.a.j.t.JMeterThread: Thread started: Create Post Group 2-9
2025-12-06 15:44:44,763 INFO o.a.j.t.JMeterThread: Thread started: Like and Save Post Group 3-9
2025-12-06 15:44:44,767 INFO o.a.j.t.JMeterThread: Thread started: Delete Post Group 4-9
2025-12-06 15:44:44,772 INFO o.a.j.t.JMeterThread: Thread started: Settings Group 5-9
2025-12-06 15:44:44,861 INFO o.a.j.t.JMeterThread: Thread started: Create Post Group 2-10
2025-12-06 15:44:44,861 INFO o.a.j.t.JMeterThread: Thread started: Login Group 1-10
2025-12-06 15:44:44,872 INFO o.a.j.t.JMeterThread: Thread started: Settings Group 5-10
2025-12-06 15:44:44,876 INFO o.a.j.t.JMeterThread: Thread started: Like and Save Post Group 3-10
2025-12-06 15:44:44,876 INFO o.a.j.t.JMeterThread: Thread started: Delete Post Group 4-10
2025-12-06 15:44:56,326 INFO o.a.j.t.JMeterThread: Thread is done: Login Group 1-8
2025-12-06 15:44:56,326 INFO o.a.j.t.JMeterThread: Thread finished: Login Group 1-8
2025-12-06 15:44:56,764 INFO o.a.j.t.JMeterThread: Thread is done: Login Group 1-10
2025-12-06 15:44:56,764 INFO o.a.j.t.JMeterThread: Thread finished: Login Group 1-10
2025-12-06 15:44:57,008 INFO o.a.j.t.JMeterThread: Thread is done: Login Group 1-9
2025-12-06 15:44:57,008 INFO o.a.j.t.JMeterThread: Thread finished: Login Group 1-9
2025-12-06 15:44:59,470 INFO o.a.j.t.JMeterThread: Thread is done: Login Group 1-5
2025-12-06 15:44:59,470 INFO o.a.j.t.JMeterThread: Thread finished: Login Group 1-5
2025-12-06 15:44:59,572 INFO o.a.j.t.JMeterThread: Thread is done: Login Group 1-3
2025-12-06 15:44:59,572 INFO o.a.j.t.JMeterThread: Thread finished: Login Group 1-3
2025-12-06 15:44:59,626 INFO o.a.j.t.JMeterThread: Thread is done: Login Group 1-1
2025-12-06 15:44:59,626 INFO o.a.j.t.JMeterThread: Thread finished: Login Group 1-1
2025-12-06 15:44:59,829 INFO o.a.j.t.JMeterThread: Thread is done: Login Group 1-2
2025-12-06 15:44:59,829 INFO o.a.j.t.JMeterThread: Thread finished: Login Group 1-2
2025-12-06 15:45:00,021 INFO o.a.j.r.Summariser: summary +    191 in 00:00:16 =   11.9/s Avg:  3438 Min:  1491 Max:  5329 Err:     0 (0.00%) Active: 43 Started: 50 Finished: 7
2025-12-06 15:45:00,147 INFO o.a.j.t.JMeterThread: Thread is done: Login Group 1-4
2025-12-06 15:45:00,147 INFO o.a.j.t.JMeterThread: Thread finished: Login Group 1-4
2025-12-06 15:45:00,251 INFO o.a.j.t.JMeterThread: Thread is done: Settings Group 5-6
2025-12-06 15:45:00,252 INFO o.a.j.t.JMeterThread: Thread finished: Settings Group 5-6
2025-12-06 15:45:00,255 INFO o.a.j.t.JMeterThread: Thread is done: Create Post Group 2-7
2025-12-06 15:45:00,255 INFO o.a.j.t.JMeterThread: Thread finished: Create Post Group 2-7
2025-12-06 15:45:00,373 INFO o.a.j.t.JMeterThread: Thread is done: Settings Group 5-7
2025-12-06 15:45:00,374 INFO o.a.j.t.JMeterThread: Thread finished: Settings Group 5-7
2025-12-06 15:45:00,394 INFO o.a.j.t.JMeterThread: Thread is done: Settings Group 5-8
2025-12-06 15:45:00,394 INFO o.a.j.t.JMeterThread: Thread finished: Settings Group 5-8
2025-12-06 15:45:00,434 INFO o.a.j.t.JMeterThread: Thread is done: Login Group 1-7
2025-12-06 15:45:00,434 INFO o.a.j.t.JMeterThread: Thread finished: Login Group 1-7
2025-12-06 15:45:00,450 INFO o.a.j.t.JMeterThread: Thread is done: Login Group 1-6
2025-12-06 15:45:00,451 INFO o.a.j.t.JMeterThread: Thread finished: Login Group 1-6
2025-12-06 15:45:00,604 INFO o.a.j.t.JMeterThread: Thread is done: Create Post Group 2-9
2025-12-06 15:45:00,604 INFO o.a.j.t.JMeterThread: Thread finished: Create Post Group 2-9
2025-12-06 15:45:00,793 INFO o.a.j.t.JMeterThread: Thread is done: Create Post Group 2-8
2025-12-06 15:45:00,793 INFO o.a.j.t.JMeterThread: Thread finished: Create Post Group 2-8
2025-12-06 15:45:00,958 INFO o.a.j.t.JMeterThread: Thread is done: Settings Group 5-9
2025-12-06 15:45:00,958 INFO o.a.j.t.JMeterThread: Thread finished: Settings Group 5-9
2025-12-06 15:45:00,997 INFO o.a.j.t.JMeterThread: Thread is done: Settings Group 5-10
2025-12-06 15:45:00,998 INFO o.a.j.t.JMeterThread: Thread finished: Settings Group 5-10
2025-12-06 15:45:01,157 INFO o.a.j.t.JMeterThread: Thread is done: Create Post Group 2-10
2025-12-06 15:45:01,157 INFO o.a.j.t.JMeterThread: Thread finished: Create Post Group 2-10
2025-12-06 15:45:02,257 INFO o.a.j.t.JMeterThread: Thread is done: Like and Save Post Group 3-7
2025-12-06 15:45:02,257 INFO o.a.j.t.JMeterThread: Thread finished: Like and Save Post Group 3-7
2025-12-06 15:45:02,422 INFO o.a.j.t.JMeterThread: Thread is done: Delete Post Group 4-7
2025-12-06 15:45:02,422 INFO o.a.j.t.JMeterThread: Thread finished: Delete Post Group 4-7
2025-12-06 15:45:02,429 INFO o.a.j.t.JMeterThread: Thread is done: Like and Save Post Group 3-8
2025-12-06 15:45:02,429 INFO o.a.j.t.JMeterThread: Thread finished: Like and Save Post Group 3-8
2025-12-06 15:45:02,578 INFO o.a.j.t.JMeterThread: Thread is done: Delete Post Group 4-8
2025-12-06 15:45:02,578 INFO o.a.j.t.JMeterThread: Thread finished: Delete Post Group 4-8
2025-12-06 15:45:02,632 INFO o.a.j.t.JMeterThread: Thread is done: Delete Post Group 4-9
2025-12-06 15:45:02,632 INFO o.a.j.t.JMeterThread: Thread finished: Delete Post Group 4-9
2025-12-06 15:45:02,729 INFO o.a.j.t.JMeterThread: Thread is done: Delete Post Group 4-10
2025-12-06 15:45:02,729 INFO o.a.j.t.JMeterThread: Thread finished: Delete Post Group 4-10
2025-12-06 15:45:02,757 INFO o.a.j.t.JMeterThread: Thread is done: Like and Save Post Group 3-10
2025-12-06 15:45:02,757 INFO o.a.j.t.JMeterThread: Thread finished: Like and Save Post Group 3-10
2025-12-06 15:45:02,917 INFO o.a.j.t.JMeterThread: Thread is done: Like and Save Post Group 3-9
2025-12-06 15:45:02,917 INFO o.a.j.t.JMeterThread: Thread finished: Like and Save Post Group 3-9
2025-12-06 15:45:04,881 INFO o.a.j.t.JMeterThread: Thread is done: Create Post Group 2-1
2025-12-06 15:45:04,881 INFO o.a.j.t.JMeterThread: Thread finished: Create Post Group 2-1
2025-12-06 15:45:05,970 INFO o.a.j.t.JMeterThread: Thread is done: Create Post Group 2-3
2025-12-06 15:45:05,970 INFO o.a.j.t.JMeterThread: Thread finished: Create Post Group 2-3
2025-12-06 15:45:06,348 INFO o.a.j.t.JMeterThread: Thread is done: Create Post Group 2-2
2025-12-06 15:45:06,348 INFO o.a.j.t.JMeterThread: Thread finished: Create Post Group 2-2
2025-12-06 15:45:06,763 INFO o.a.j.t.JMeterThread: Thread is done: Create Post Group 2-6
2025-12-06 15:45:06,764 INFO o.a.j.t.JMeterThread: Thread finished: Create Post Group 2-6
2025-12-06 15:45:06,980 INFO o.a.j.t.JMeterThread: Thread is done: Create Post Group 2-5
2025-12-06 15:45:06,980 INFO o.a.j.t.JMeterThread: Thread finished: Create Post Group 2-5
2025-12-06 15:45:07,645 INFO o.a.j.t.JMeterThread: Thread is done: Create Post Group 2-4
2025-12-06 15:45:07,645 INFO o.a.j.t.JMeterThread: Thread finished: Create Post Group 2-4
2025-12-06 15:45:08,196 INFO o.a.j.t.JMeterThread: Thread is done: Settings Group 5-1
2025-12-06 15:45:08,197 INFO o.a.j.t.JMeterThread: Thread finished: Settings Group 5-1
2025-12-06 15:45:08,197 INFO o.a.j.t.JMeterThread: Thread is done: Settings Group 5-3
2025-12-06 15:45:08,197 INFO o.a.j.t.JMeterThread: Thread finished: Settings Group 5-3
2025-12-06 15:45:08,197 INFO o.a.j.t.JMeterThread: Thread is done: Settings Group 5-2
2025-12-06 15:45:08,197 INFO o.a.j.t.JMeterThread: Thread finished: Settings Group 5-2
2025-12-06 15:45:08,222 INFO o.a.j.t.JMeterThread: Thread is done: Settings Group 5-4
2025-12-06 15:45:08,222 INFO o.a.j.t.JMeterThread: Thread finished: Settings Group 5-4
2025-12-06 15:45:08,227 INFO o.a.j.t.JMeterThread: Thread is done: Settings Group 5-5
2025-12-06 15:45:08,227 INFO o.a.j.t.JMeterThread: Thread finished: Settings Group 5-5
2025-12-06 15:45:10,299 INFO o.a.j.t.JMeterThread: Thread is done: Delete Post Group 4-4
2025-12-06 15:45:10,299 INFO o.a.j.t.JMeterThread: Thread finished: Delete Post Group 4-4
2025-12-06 15:45:10,491 INFO o.a.j.t.JMeterThread: Thread is done: Delete Post Group 4-3
2025-12-06 15:45:10,491 INFO o.a.j.t.JMeterThread: Thread finished: Delete Post Group 4-3
2025-12-06 15:45:10,663 INFO o.a.j.t.JMeterThread: Thread is done: Delete Post Group 4-1
2025-12-06 15:45:10,663 INFO o.a.j.t.JMeterThread: Thread finished: Delete Post Group 4-1
2025-12-06 15:45:10,834 INFO o.a.j.t.JMeterThread: Thread is done: Delete Post Group 4-5
2025-12-06 15:45:10,834 INFO o.a.j.t.JMeterThread: Thread finished: Delete Post Group 4-5
2025-12-06 15:45:11,357 INFO o.a.j.t.JMeterThread: Thread is done: Delete Post Group 4-2
2025-12-06 15:45:11,357 INFO o.a.j.t.JMeterThread: Thread finished: Delete Post Group 4-2
2025-12-06 15:45:11,534 INFO o.a.j.t.JMeterThread: Thread is done: Delete Post Group 4-6
2025-12-06 15:45:11,534 INFO o.a.j.t.JMeterThread: Thread finished: Delete Post Group 4-6
2025-12-06 15:45:11,550 INFO o.a.j.t.JMeterThread: Thread is done: Like and Save Post Group 3-4
2025-12-06 15:45:11,550 INFO o.a.j.t.JMeterThread: Thread finished: Like and Save Post Group 3-4
2025-12-06 15:45:11,964 INFO o.a.j.t.JMeterThread: Thread is done: Like and Save Post Group 3-2
2025-12-06 15:45:11,964 INFO o.a.j.t.JMeterThread: Thread finished: Like and Save Post Group 3-2
2025-12-06 15:45:12,041 INFO o.a.j.t.JMeterThread: Thread is done: Like and Save Post Group 3-1
2025-12-06 15:45:12,041 INFO o.a.j.t.JMeterThread: Thread finished: Like and Save Post Group 3-1
2025-12-06 15:45:12,124 INFO o.a.j.t.JMeterThread: Thread is done: Like and Save Post Group 3-6
2025-12-06 15:45:12,124 INFO o.a.j.t.JMeterThread: Thread finished: Like and Save Post Group 3-6
2025-12-06 15:45:12,143 INFO o.a.j.t.JMeterThread: Thread is done: Like and Save Post Group 3-5
2025-12-06 15:45:12,143 INFO o.a.j.t.JMeterThread: Thread finished: Like and Save Post Group 3-5
2025-12-06 15:45:12,149 INFO o.a.j.t.JMeterThread: Thread is done: Like and Save Post Group 3-3
2025-12-06 15:45:12,149 INFO o.a.j.t.JMeterThread: Thread finished: Like and Save Post Group 3-3
2025-12-06 15:45:12,149 INFO o.a.j.e.StandardJMeterEngine: Notifying test listeners of end of test
2025-12-06 15:45:12,150 INFO o.a.j.r.Summariser: summary +    139 in 00:00:12 =   11.5/s Avg:  2553 Min:     6 Max:  6411 Err:    24 (17.27%) Active: 0 Started: 50 Finished: 50
2025-12-06 15:45:12,150 INFO o.a.j.r.Summariser: summary =    330 in 00:00:28 =   11.7/s Avg:  3065 Min:     6 Max:  6411 Err:    24 (7.27%)
